[2025-11-08 05:20:39] ALERT in /var/log/syslog: 2025-11-07T18:35:53.392373+00:00 sumi-pc kernel: Failed to register legacy timer interrupt
[2025-11-08 05:20:39] ALERT in /var/log/syslog: 2025-11-07T18:35:53.392507+00:00 sumi-pc kernel: ACPI: _OSC evaluation for CPUs failed, trying _PDC
[2025-11-08 05:20:39] ALERT in /var/log/syslog: 2025-11-07T18:35:53.392609+00:00 sumi-pc (udev-worker)[150]: sdc: Process '/usr/bin/unshare -m /usr/bin/snap auto-import --mount=/dev/sdc' failed with exit code 1.
[2025-11-08 05:20:39] ALERT in /var/log/syslog: 2025-11-07T18:35:53.392613+00:00 sumi-pc (udev-worker)[153]: sdb: Process '/usr/bin/unshare -m /usr/bin/snap auto-import --mount=/dev/sdb' failed with exit code 1.
[2025-11-08 05:20:39] ALERT in /var/log/syslog: 2025-11-07T18:35:53.392620+00:00 sumi-pc (udev-worker)[156]: sda: Process '/usr/bin/unshare -m /usr/bin/snap auto-import --mount=/dev/sda' failed with exit code 1.
[2025-11-08 05:20:39] ALERT in /var/log/syslog: 2025-11-07T18:35:53.392623+00:00 sumi-pc (udev-worker)[161]: sdd: Process '/usr/bin/unshare -m /usr/bin/snap auto-import --mount=/dev/sdd' failed with exit code 1.
[2025-11-08 05:20:39] NOTICE: High alert rate (> 5 matches in 60s)
[2025-11-08 05:20:39] ALERT in /var/log/syslog: 2025-11-07T18:35:53.392633+00:00 sumi-pc systemd[1]: apport-autoreport.path - Process error reports when automatic reporting is enabled (file watch) was skipped because of an unmet condition check (ConditionPathExists=/var/lib/apport/autoreport).
[2025-11-08 05:20:39] ALERT in /var/log/syslog: 2025-11-07T18:35:53.392638+00:00 sumi-pc systemd[1]: apport-autoreport.timer - Process error reports when automatic reporting is enabled (timer based) was skipped because of an unmet condition check (ConditionPathExists=/var/lib/apport/autoreport).
[2025-11-08 05:20:39] ALERT in /var/log/syslog: 2025-11-07T18:35:53.392865+00:00 sumi-pc kernel: RAS: Correctable Errors collector initialized.
[2025-11-08 05:20:39] ALERT in /var/log/syslog: 2025-11-07T18:35:53.393163+00:00 sumi-pc kernel: WSL (265) ERROR: CheckConnection: getaddrinfo() failed: -5
[2025-11-08 05:20:39] ALERT in /var/log/syslog: 2025-11-07T18:35:53.393166+00:00 sumi-pc kernel: misc dxg: dxgk: dxgkio_is_feature_enabled: Ioctl failed: -22
[2025-11-08 05:20:39] ALERT in /var/log/syslog: 2025-11-07T18:35:53.393167+00:00 sumi-pc kernel: misc dxg: dxgk: dxgkio_query_adapter_info: Ioctl failed: -22
[2025-11-08 05:20:39] ALERT in /var/log/syslog: 2025-11-07T18:35:53.393170+00:00 sumi-pc kernel: message repeated 2 times: [ misc dxg: dxgk: dxgkio_query_adapter_info: Ioctl failed: -22]
[2025-11-08 05:20:39] ALERT in /var/log/syslog: 2025-11-07T18:35:53.393172+00:00 sumi-pc kernel: misc dxg: dxgk: dxgkio_query_adapter_info: Ioctl failed: -2
[2025-11-08 05:20:39] ALERT in /var/log/syslog: 2025-11-07T18:35:53.393178+00:00 sumi-pc kernel: Failed to connect to bus: No such file or directory
[2025-11-08 05:20:39] ALERT in /var/log/syslog: 2025-11-07T18:35:53.495433+00:00 sumi-pc snapd[203]: helpers.go:160: error trying to compare the snap system key: system-key missing on disk
[2025-11-08 05:20:39] ALERT in /var/log/syslog: 2025-11-07T18:46:10.868537+00:00 sumi-pc (udev-worker)[122]: sdd: Process '/usr/bin/unshare -m /usr/bin/snap auto-import --mount=/dev/sdd' failed with exit code 1.
[2025-11-08 05:20:39] ALERT in /var/log/syslog: 2025-11-07T18:46:10.868544+00:00 sumi-pc (udev-worker)[126]: sdb: Process '/usr/bin/unshare -m /usr/bin/snap auto-import --mount=/dev/sdb' failed with exit code 1.
[2025-11-08 05:20:39] ALERT in /var/log/syslog: 2025-11-07T18:46:10.868574+00:00 sumi-pc (udev-worker)[134]: sda: Process '/usr/bin/unshare -m /usr/bin/snap auto-import --mount=/dev/sda' failed with exit code 1.
[2025-11-08 05:20:39] ALERT in /var/log/syslog: 2025-11-07T18:46:10.868578+00:00 sumi-pc (udev-worker)[121]: sdc: Process '/usr/bin/unshare -m /usr/bin/snap auto-import --mount=/dev/sdc' failed with exit code 1.
[2025-11-08 05:20:39] ALERT in /var/log/syslog: 2025-11-07T18:46:10.868680+00:00 sumi-pc systemd[1]: apport-autoreport.path - Process error reports when automatic reporting is enabled (file watch) was skipped because of an unmet condition check (ConditionPathExists=/var/lib/apport/autoreport).
[2025-11-08 05:20:39] ALERT in /var/log/syslog: 2025-11-07T18:46:10.868684+00:00 sumi-pc systemd[1]: apport-autoreport.timer - Process error reports when automatic reporting is enabled (timer based) was skipped because of an unmet condition check (ConditionPathExists=/var/lib/apport/autoreport).
[2025-11-08 05:20:39] ALERT in /var/log/syslog: 2025-11-07T18:46:10.868965+00:00 sumi-pc kernel: Failed to register legacy timer interrupt
[2025-11-08 05:20:40] ALERT in /var/log/syslog: 2025-11-07T18:46:10.869130+00:00 sumi-pc kernel: ACPI: _OSC evaluation for CPUs failed, trying _PDC
[2025-11-08 05:20:40] ALERT in /var/log/syslog: 2025-11-07T18:46:10.869407+00:00 sumi-pc kernel: RAS: Correctable Errors collector initialized.
[2025-11-08 05:20:40] ALERT in /var/log/syslog: 2025-11-07T18:46:10.869474+00:00 sumi-pc kernel: misc dxg: dxgk: dxgkio_is_feature_enabled: Ioctl failed: -22
[2025-11-08 05:20:40] ALERT in /var/log/syslog: 2025-11-07T18:46:10.869477+00:00 sumi-pc kernel: misc dxg: dxgk: dxgkio_query_adapter_info: Ioctl failed: -22
[2025-11-08 05:20:40] ALERT in /var/log/syslog: 2025-11-07T18:46:10.869481+00:00 sumi-pc kernel: message repeated 2 times: [ misc dxg: dxgk: dxgkio_query_adapter_info: Ioctl failed: -22]
[2025-11-08 05:20:40] ALERT in /var/log/syslog: 2025-11-07T18:46:10.869483+00:00 sumi-pc kernel: misc dxg: dxgk: dxgkio_query_adapter_info: Ioctl failed: -2
[2025-11-08 05:20:40] ALERT in /var/log/syslog: 2025-11-07T18:46:10.869489+00:00 sumi-pc kernel: Failed to connect to bus: No such file or directory
[2025-11-08 05:20:40] ALERT in /var/log/syslog: 2025-11-07T18:46:25.933421+00:00 sumi-pc kernel: misc dxg: dxgk: dxgkio_is_feature_enabled: Ioctl failed: -22
[2025-11-08 05:20:40] ALERT in /var/log/syslog: 2025-11-07T18:46:25.933454+00:00 sumi-pc kernel: misc dxg: dxgk: dxgkio_query_adapter_info: Ioctl failed: -22
[2025-11-08 05:20:40] ALERT in /var/log/syslog: 2025-11-07T18:46:25.933458+00:00 sumi-pc kernel: message repeated 2 times: [ misc dxg: dxgk: dxgkio_query_adapter_info: Ioctl failed: -22]
[2025-11-08 05:20:40] ALERT in /var/log/syslog: 2025-11-07T18:46:25.933459+00:00 sumi-pc kernel: misc dxg: dxgk: dxgkio_query_adapter_info: Ioctl failed: -2
[2025-11-08 05:20:40] ALERT in /var/log/syslog: 2025-11-07T18:46:25.933580+00:00 sumi-pc (udev-worker)[115]: sda: Process '/usr/bin/unshare -m /usr/bin/snap auto-import --mount=/dev/sda' failed with exit code 1.
[2025-11-08 05:20:40] ALERT in /var/log/syslog: 2025-11-07T18:46:25.933584+00:00 sumi-pc (udev-worker)[123]: sdc: Process '/usr/bin/unshare -m /usr/bin/snap auto-import --mount=/dev/sdc' failed with exit code 1.
[2025-11-08 05:20:40] ALERT in /var/log/syslog: 2025-11-07T18:46:25.933587+00:00 sumi-pc (udev-worker)[120]: sdd: Process '/usr/bin/unshare -m /usr/bin/snap auto-import --mount=/dev/sdd' failed with exit code 1.
[2025-11-08 05:20:40] ALERT in /var/log/syslog: 2025-11-07T18:46:25.933768+00:00 sumi-pc (udev-worker)[116]: sdb: Process '/usr/bin/unshare -m /usr/bin/snap auto-import --mount=/dev/sdb' failed with exit code 1.
[2025-11-08 05:20:40] ALERT in /var/log/syslog: 2025-11-07T18:46:25.933823+00:00 sumi-pc systemd[1]: apport-autoreport.path - Process error reports when automatic reporting is enabled (file watch) was skipped because of an unmet condition check (ConditionPathExists=/var/lib/apport/autoreport).
[2025-11-08 05:20:40] ALERT in /var/log/syslog: 2025-11-07T18:46:25.933827+00:00 sumi-pc systemd[1]: apport-autoreport.timer - Process error reports when automatic reporting is enabled (timer based) was skipped because of an unmet condition check (ConditionPathExists=/var/lib/apport/autoreport).
[2025-11-08 05:20:44] ALERT in /var/log/syslog: 2025-11-08T05:14:26.733859+00:00 sumi-pc python3[1470]: ["2025-11-08T05:14:26.733", "WARNING", "ubuntupro.system", "get_kernel_info", 156, "failed to process /proc/version_signature.", {}]
[2025-11-08 05:20:44] ALERT in /var/log/syslog: 2025-11-08T05:14:26.735499+00:00 sumi-pc python3[1470]: ["2025-11-08T05:14:26.735", "WARNING", "ubuntupro.system", "get_kernel_info", 165, "Failed to parse kernel: 6.6.87.2-microsoft-standard-WSL2", {}]
[2025-11-08 05:20:44] ALERT in /var/log/syslog: 2025-11-08T05:15:33.073967+00:00 sumi-pc wsl-pro-service[7763]: #033[33mWARNING#033[0m Could not ensure valid Landscape configuration: could not ensure valid Landscape configuration: could not register distro to Landscape: could not enable Landscape: /usr/bin/landscape-config: error: exit status 2.
[2025-11-08 05:20:44] ALERT in /var/log/syslog: 2025-11-08T05:15:33.074218+00:00 sumi-pc wsl-pro-service[7763]: landscape-config: error: no such option: --register-if-needed
[2025-11-08 05:20:44] ALERT in /var/log/syslog: 2025-11-08T05:15:35.941891+00:00 sumi-pc systemd[1]: apport-autoreport.path - Process error reports when automatic reporting is enabled (file watch) was skipped because of an unmet condition check (ConditionPathExists=/var/lib/apport/autoreport).
[2025-11-08 05:20:44] ALERT in /var/log/syslog: 2025-11-08T05:15:35.942487+00:00 sumi-pc systemd[1]: apport-autoreport.timer - Process error reports when automatic reporting is enabled (timer based) was skipped because of an unmet condition check (ConditionPathExists=/var/lib/apport/autoreport).
[2025-11-08 05:26:44] ALERT in /var/log/syslog: 2025-11-07T18:35:53.392373+00:00 sumi-pc kernel: Failed to register legacy timer interrupt
[2025-11-08 05:26:44] ALERT in /var/log/syslog: 2025-11-07T18:35:53.392507+00:00 sumi-pc kernel: ACPI: _OSC evaluation for CPUs failed, trying _PDC
[2025-11-08 05:26:44] ALERT in /var/log/syslog: 2025-11-07T18:35:53.392609+00:00 sumi-pc (udev-worker)[150]: sdc: Process '/usr/bin/unshare -m /usr/bin/snap auto-import --mount=/dev/sdc' failed with exit code 1.
[2025-11-08 05:26:44] ALERT in /var/log/syslog: 2025-11-07T18:35:53.392613+00:00 sumi-pc (udev-worker)[153]: sdb: Process '/usr/bin/unshare -m /usr/bin/snap auto-import --mount=/dev/sdb' failed with exit code 1.
[2025-11-08 05:26:44] ALERT in /var/log/syslog: 2025-11-07T18:35:53.392620+00:00 sumi-pc (udev-worker)[156]: sda: Process '/usr/bin/unshare -m /usr/bin/snap auto-import --mount=/dev/sda' failed with exit code 1.
[2025-11-08 05:26:44] ALERT in /var/log/syslog: 2025-11-07T18:35:53.392623+00:00 sumi-pc (udev-worker)[161]: sdd: Process '/usr/bin/unshare -m /usr/bin/snap auto-import --mount=/dev/sdd' failed with exit code 1.
[2025-11-08 05:26:44] NOTICE: High alert rate (> 5 matches in 60s)
[2025-11-08 05:26:44] ALERT in /var/log/syslog: 2025-11-07T18:35:53.392633+00:00 sumi-pc systemd[1]: apport-autoreport.path - Process error reports when automatic reporting is enabled (file watch) was skipped because of an unmet condition check (ConditionPathExists=/var/lib/apport/autoreport).
[2025-11-08 05:26:44] ALERT in /var/log/syslog: 2025-11-07T18:35:53.392638+00:00 sumi-pc systemd[1]: apport-autoreport.timer - Process error reports when automatic reporting is enabled (timer based) was skipped because of an unmet condition check (ConditionPathExists=/var/lib/apport/autoreport).
[2025-11-08 05:26:44] ALERT in /var/log/syslog: 2025-11-07T18:35:53.392865+00:00 sumi-pc kernel: RAS: Correctable Errors collector initialized.
[2025-11-08 05:26:44] ALERT in /var/log/syslog: 2025-11-07T18:35:53.393163+00:00 sumi-pc kernel: WSL (265) ERROR: CheckConnection: getaddrinfo() failed: -5
[2025-11-08 05:26:44] ALERT in /var/log/syslog: 2025-11-07T18:35:53.393166+00:00 sumi-pc kernel: misc dxg: dxgk: dxgkio_is_feature_enabled: Ioctl failed: -22
[2025-11-08 05:26:44] ALERT in /var/log/syslog: 2025-11-07T18:35:53.393167+00:00 sumi-pc kernel: misc dxg: dxgk: dxgkio_query_adapter_info: Ioctl failed: -22
[2025-11-08 05:26:44] ALERT in /var/log/syslog: 2025-11-07T18:35:53.393170+00:00 sumi-pc kernel: message repeated 2 times: [ misc dxg: dxgk: dxgkio_query_adapter_info: Ioctl failed: -22]
[2025-11-08 05:26:44] ALERT in /var/log/syslog: 2025-11-07T18:35:53.393172+00:00 sumi-pc kernel: misc dxg: dxgk: dxgkio_query_adapter_info: Ioctl failed: -2
[2025-11-08 05:26:44] ALERT in /var/log/syslog: 2025-11-07T18:35:53.393178+00:00 sumi-pc kernel: Failed to connect to bus: No such file or directory
[2025-11-08 05:26:44] ALERT in /var/log/syslog: 2025-11-07T18:35:53.495433+00:00 sumi-pc snapd[203]: helpers.go:160: error trying to compare the snap system key: system-key missing on disk
[2025-11-08 05:26:45] ALERT in /var/log/syslog: 2025-11-07T18:46:10.868537+00:00 sumi-pc (udev-worker)[122]: sdd: Process '/usr/bin/unshare -m /usr/bin/snap auto-import --mount=/dev/sdd' failed with exit code 1.
[2025-11-08 05:26:45] ALERT in /var/log/syslog: 2025-11-07T18:46:10.868544+00:00 sumi-pc (udev-worker)[126]: sdb: Process '/usr/bin/unshare -m /usr/bin/snap auto-import --mount=/dev/sdb' failed with exit code 1.
[2025-11-08 05:26:45] ALERT in /var/log/syslog: 2025-11-07T18:46:10.868574+00:00 sumi-pc (udev-worker)[134]: sda: Process '/usr/bin/unshare -m /usr/bin/snap auto-import --mount=/dev/sda' failed with exit code 1.
[2025-11-08 05:26:45] ALERT in /var/log/syslog: 2025-11-07T18:46:10.868578+00:00 sumi-pc (udev-worker)[121]: sdc: Process '/usr/bin/unshare -m /usr/bin/snap auto-import --mount=/dev/sdc' failed with exit code 1.
[2025-11-08 05:26:45] ALERT in /var/log/syslog: 2025-11-07T18:46:10.868680+00:00 sumi-pc systemd[1]: apport-autoreport.path - Process error reports when automatic reporting is enabled (file watch) was skipped because of an unmet condition check (ConditionPathExists=/var/lib/apport/autoreport).
[2025-11-08 05:26:45] ALERT in /var/log/syslog: 2025-11-07T18:46:10.868684+00:00 sumi-pc systemd[1]: apport-autoreport.timer - Process error reports when automatic reporting is enabled (timer based) was skipped because of an unmet condition check (ConditionPathExists=/var/lib/apport/autoreport).
[2025-11-08 05:26:45] ALERT in /var/log/syslog: 2025-11-07T18:46:10.868965+00:00 sumi-pc kernel: Failed to register legacy timer interrupt
[2025-11-08 05:26:45] ALERT in /var/log/syslog: 2025-11-07T18:46:10.869130+00:00 sumi-pc kernel: ACPI: _OSC evaluation for CPUs failed, trying _PDC
[2025-11-08 05:26:45] ALERT in /var/log/syslog: 2025-11-07T18:46:10.869407+00:00 sumi-pc kernel: RAS: Correctable Errors collector initialized.
[2025-11-08 05:26:45] ALERT in /var/log/syslog: 2025-11-07T18:46:10.869474+00:00 sumi-pc kernel: misc dxg: dxgk: dxgkio_is_feature_enabled: Ioctl failed: -22
[2025-11-08 05:26:45] ALERT in /var/log/syslog: 2025-11-07T18:46:10.869477+00:00 sumi-pc kernel: misc dxg: dxgk: dxgkio_query_adapter_info: Ioctl failed: -22
[2025-11-08 05:26:45] ALERT in /var/log/syslog: 2025-11-07T18:46:10.869481+00:00 sumi-pc kernel: message repeated 2 times: [ misc dxg: dxgk: dxgkio_query_adapter_info: Ioctl failed: -22]
[2025-11-08 05:26:45] ALERT in /var/log/syslog: 2025-11-07T18:46:10.869483+00:00 sumi-pc kernel: misc dxg: dxgk: dxgkio_query_adapter_info: Ioctl failed: -2
[2025-11-08 05:26:45] ALERT in /var/log/syslog: 2025-11-07T18:46:10.869489+00:00 sumi-pc kernel: Failed to connect to bus: No such file or directory
[2025-11-08 05:26:45] ALERT in /var/log/syslog: 2025-11-07T18:46:25.933421+00:00 sumi-pc kernel: misc dxg: dxgk: dxgkio_is_feature_enabled: Ioctl failed: -22
[2025-11-08 05:26:45] ALERT in /var/log/syslog: 2025-11-07T18:46:25.933454+00:00 sumi-pc kernel: misc dxg: dxgk: dxgkio_query_adapter_info: Ioctl failed: -22
[2025-11-08 05:26:45] ALERT in /var/log/syslog: 2025-11-07T18:46:25.933458+00:00 sumi-pc kernel: message repeated 2 times: [ misc dxg: dxgk: dxgkio_query_adapter_info: Ioctl failed: -22]
[2025-11-08 05:26:45] ALERT in /var/log/syslog: 2025-11-07T18:46:25.933459+00:00 sumi-pc kernel: misc dxg: dxgk: dxgkio_query_adapter_info: Ioctl failed: -2
[2025-11-08 05:26:45] ALERT in /var/log/syslog: 2025-11-07T18:46:25.933580+00:00 sumi-pc (udev-worker)[115]: sda: Process '/usr/bin/unshare -m /usr/bin/snap auto-import --mount=/dev/sda' failed with exit code 1.
[2025-11-08 05:26:45] ALERT in /var/log/syslog: 2025-11-07T18:46:25.933584+00:00 sumi-pc (udev-worker)[123]: sdc: Process '/usr/bin/unshare -m /usr/bin/snap auto-import --mount=/dev/sdc' failed with exit code 1.
[2025-11-08 05:26:45] ALERT in /var/log/syslog: 2025-11-07T18:46:25.933587+00:00 sumi-pc (udev-worker)[120]: sdd: Process '/usr/bin/unshare -m /usr/bin/snap auto-import --mount=/dev/sdd' failed with exit code 1.
[2025-11-08 05:26:45] ALERT in /var/log/syslog: 2025-11-07T18:46:25.933768+00:00 sumi-pc (udev-worker)[116]: sdb: Process '/usr/bin/unshare -m /usr/bin/snap auto-import --mount=/dev/sdb' failed with exit code 1.
[2025-11-08 05:26:45] ALERT in /var/log/syslog: 2025-11-07T18:46:25.933823+00:00 sumi-pc systemd[1]: apport-autoreport.path - Process error reports when automatic reporting is enabled (file watch) was skipped because of an unmet condition check (ConditionPathExists=/var/lib/apport/autoreport).
[2025-11-08 05:26:45] ALERT in /var/log/syslog: 2025-11-07T18:46:25.933827+00:00 sumi-pc systemd[1]: apport-autoreport.timer - Process error reports when automatic reporting is enabled (timer based) was skipped because of an unmet condition check (ConditionPathExists=/var/lib/apport/autoreport).
[2025-11-08 05:26:49] ALERT in /var/log/syslog: 2025-11-08T05:14:26.733859+00:00 sumi-pc python3[1470]: ["2025-11-08T05:14:26.733", "WARNING", "ubuntupro.system", "get_kernel_info", 156, "failed to process /proc/version_signature.", {}]
[2025-11-08 05:26:49] ALERT in /var/log/syslog: 2025-11-08T05:14:26.735499+00:00 sumi-pc python3[1470]: ["2025-11-08T05:14:26.735", "WARNING", "ubuntupro.system", "get_kernel_info", 165, "Failed to parse kernel: 6.6.87.2-microsoft-standard-WSL2", {}]
[2025-11-08 05:26:50] ALERT in /var/log/syslog: 2025-11-08T05:15:33.073967+00:00 sumi-pc wsl-pro-service[7763]: #033[33mWARNING#033[0m Could not ensure valid Landscape configuration: could not ensure valid Landscape configuration: could not register distro to Landscape: could not enable Landscape: /usr/bin/landscape-config: error: exit status 2.
[2025-11-08 05:26:50] ALERT in /var/log/syslog: 2025-11-08T05:15:33.074218+00:00 sumi-pc wsl-pro-service[7763]: landscape-config: error: no such option: --register-if-needed
[2025-11-08 05:26:50] ALERT in /var/log/syslog: 2025-11-08T05:15:35.941891+00:00 sumi-pc systemd[1]: apport-autoreport.path - Process error reports when automatic reporting is enabled (file watch) was skipped because of an unmet condition check (ConditionPathExists=/var/lib/apport/autoreport).
[2025-11-08 05:26:50] ALERT in /var/log/syslog: 2025-11-08T05:15:35.942487+00:00 sumi-pc systemd[1]: apport-autoreport.timer - Process error reports when automatic reporting is enabled (timer based) was skipped because of an unmet condition check (ConditionPathExists=/var/lib/apport/autoreport).
[2025-11-08 07:31:35] ALERT in /var/log/syslog: 2025-11-07T18:35:53.392373+00:00 sumi-pc kernel: Failed to register legacy timer interrupt
[2025-11-08 07:31:36] ALERT in /var/log/syslog: 2025-11-07T18:35:53.392507+00:00 sumi-pc kernel: ACPI: _OSC evaluation for CPUs failed, trying _PDC
[2025-11-08 07:31:36] ALERT in /var/log/syslog: 2025-11-07T18:35:53.392609+00:00 sumi-pc (udev-worker)[150]: sdc: Process '/usr/bin/unshare -m /usr/bin/snap auto-import --mount=/dev/sdc' failed with exit code 1.
[2025-11-08 07:31:36] ALERT in /var/log/syslog: 2025-11-07T18:35:53.392613+00:00 sumi-pc (udev-worker)[153]: sdb: Process '/usr/bin/unshare -m /usr/bin/snap auto-import --mount=/dev/sdb' failed with exit code 1.
[2025-11-08 07:31:36] ALERT in /var/log/syslog: 2025-11-07T18:35:53.392620+00:00 sumi-pc (udev-worker)[156]: sda: Process '/usr/bin/unshare -m /usr/bin/snap auto-import --mount=/dev/sda' failed with exit code 1.
[2025-11-08 07:31:36] ALERT in /var/log/syslog: 2025-11-07T18:35:53.392623+00:00 sumi-pc (udev-worker)[161]: sdd: Process '/usr/bin/unshare -m /usr/bin/snap auto-import --mount=/dev/sdd' failed with exit code 1.
[2025-11-08 07:31:36] NOTICE: High alert rate (> 5 matches in 60s)
[2025-11-08 07:31:36] ALERT in /var/log/syslog: 2025-11-07T18:35:53.392633+00:00 sumi-pc systemd[1]: apport-autoreport.path - Process error reports when automatic reporting is enabled (file watch) was skipped because of an unmet condition check (ConditionPathExists=/var/lib/apport/autoreport).
[2025-11-08 07:31:36] ALERT in /var/log/syslog: 2025-11-07T18:35:53.392638+00:00 sumi-pc systemd[1]: apport-autoreport.timer - Process error reports when automatic reporting is enabled (timer based) was skipped because of an unmet condition check (ConditionPathExists=/var/lib/apport/autoreport).
[2025-11-08 07:31:36] ALERT in /var/log/syslog: 2025-11-07T18:35:53.392865+00:00 sumi-pc kernel: RAS: Correctable Errors collector initialized.
[2025-11-08 07:31:36] ALERT in /var/log/syslog: 2025-11-07T18:35:53.393163+00:00 sumi-pc kernel: WSL (265) ERROR: CheckConnection: getaddrinfo() failed: -5
[2025-11-08 07:31:36] ALERT in /var/log/syslog: 2025-11-07T18:35:53.393166+00:00 sumi-pc kernel: misc dxg: dxgk: dxgkio_is_feature_enabled: Ioctl failed: -22
[2025-11-08 07:31:36] ALERT in /var/log/syslog: 2025-11-07T18:35:53.393167+00:00 sumi-pc kernel: misc dxg: dxgk: dxgkio_query_adapter_info: Ioctl failed: -22
[2025-11-08 07:31:36] ALERT in /var/log/syslog: 2025-11-07T18:35:53.393170+00:00 sumi-pc kernel: message repeated 2 times: [ misc dxg: dxgk: dxgkio_query_adapter_info: Ioctl failed: -22]
[2025-11-08 07:31:36] ALERT in /var/log/syslog: 2025-11-07T18:35:53.393172+00:00 sumi-pc kernel: misc dxg: dxgk: dxgkio_query_adapter_info: Ioctl failed: -2
[2025-11-08 07:31:36] ALERT in /var/log/syslog: 2025-11-07T18:35:53.393178+00:00 sumi-pc kernel: Failed to connect to bus: No such file or directory
[2025-11-08 07:31:36] ALERT in /var/log/syslog: 2025-11-07T18:35:53.495433+00:00 sumi-pc snapd[203]: helpers.go:160: error trying to compare the snap system key: system-key missing on disk
[2025-11-08 07:31:37] ALERT in /var/log/syslog: 2025-11-07T18:46:10.868537+00:00 sumi-pc (udev-worker)[122]: sdd: Process '/usr/bin/unshare -m /usr/bin/snap auto-import --mount=/dev/sdd' failed with exit code 1.
[2025-11-08 07:31:37] ALERT in /var/log/syslog: 2025-11-07T18:46:10.868544+00:00 sumi-pc (udev-worker)[126]: sdb: Process '/usr/bin/unshare -m /usr/bin/snap auto-import --mount=/dev/sdb' failed with exit code 1.
[2025-11-08 07:31:37] ALERT in /var/log/syslog: 2025-11-07T18:46:10.868574+00:00 sumi-pc (udev-worker)[134]: sda: Process '/usr/bin/unshare -m /usr/bin/snap auto-import --mount=/dev/sda' failed with exit code 1.
[2025-11-08 07:31:37] ALERT in /var/log/syslog: 2025-11-07T18:46:10.868578+00:00 sumi-pc (udev-worker)[121]: sdc: Process '/usr/bin/unshare -m /usr/bin/snap auto-import --mount=/dev/sdc' failed with exit code 1.
[2025-11-08 07:31:37] ALERT in /var/log/syslog: 2025-11-07T18:46:10.868680+00:00 sumi-pc systemd[1]: apport-autoreport.path - Process error reports when automatic reporting is enabled (file watch) was skipped because of an unmet condition check (ConditionPathExists=/var/lib/apport/autoreport).
[2025-11-08 07:31:37] ALERT in /var/log/syslog: 2025-11-07T18:46:10.868684+00:00 sumi-pc systemd[1]: apport-autoreport.timer - Process error reports when automatic reporting is enabled (timer based) was skipped because of an unmet condition check (ConditionPathExists=/var/lib/apport/autoreport).
[2025-11-08 07:31:37] ALERT in /var/log/syslog: 2025-11-07T18:46:10.868965+00:00 sumi-pc kernel: Failed to register legacy timer interrupt
[2025-11-08 07:31:37] ALERT in /var/log/syslog: 2025-11-07T18:46:10.869130+00:00 sumi-pc kernel: ACPI: _OSC evaluation for CPUs failed, trying _PDC
[2025-11-08 07:31:37] ALERT in /var/log/syslog: 2025-11-07T18:46:10.869407+00:00 sumi-pc kernel: RAS: Correctable Errors collector initialized.
[2025-11-08 07:31:37] ALERT in /var/log/syslog: 2025-11-07T18:46:10.869474+00:00 sumi-pc kernel: misc dxg: dxgk: dxgkio_is_feature_enabled: Ioctl failed: -22
[2025-11-08 07:31:37] ALERT in /var/log/syslog: 2025-11-07T18:46:10.869477+00:00 sumi-pc kernel: misc dxg: dxgk: dxgkio_query_adapter_info: Ioctl failed: -22
[2025-11-08 07:31:37] ALERT in /var/log/syslog: 2025-11-07T18:46:10.869481+00:00 sumi-pc kernel: message repeated 2 times: [ misc dxg: dxgk: dxgkio_query_adapter_info: Ioctl failed: -22]
[2025-11-08 07:31:37] ALERT in /var/log/syslog: 2025-11-07T18:46:10.869483+00:00 sumi-pc kernel: misc dxg: dxgk: dxgkio_query_adapter_info: Ioctl failed: -2
[2025-11-08 07:31:37] ALERT in /var/log/syslog: 2025-11-07T18:46:10.869489+00:00 sumi-pc kernel: Failed to connect to bus: No such file or directory
[2025-11-08 07:31:38] ALERT in /var/log/syslog: 2025-11-07T18:46:25.933421+00:00 sumi-pc kernel: misc dxg: dxgk: dxgkio_is_feature_enabled: Ioctl failed: -22
[2025-11-08 07:31:38] ALERT in /var/log/syslog: 2025-11-07T18:46:25.933454+00:00 sumi-pc kernel: misc dxg: dxgk: dxgkio_query_adapter_info: Ioctl failed: -22
[2025-11-08 07:31:38] ALERT in /var/log/syslog: 2025-11-07T18:46:25.933458+00:00 sumi-pc kernel: message repeated 2 times: [ misc dxg: dxgk: dxgkio_query_adapter_info: Ioctl failed: -22]
[2025-11-08 07:31:38] ALERT in /var/log/syslog: 2025-11-07T18:46:25.933459+00:00 sumi-pc kernel: misc dxg: dxgk: dxgkio_query_adapter_info: Ioctl failed: -2
[2025-11-08 07:31:38] ALERT in /var/log/syslog: 2025-11-07T18:46:25.933580+00:00 sumi-pc (udev-worker)[115]: sda: Process '/usr/bin/unshare -m /usr/bin/snap auto-import --mount=/dev/sda' failed with exit code 1.
[2025-11-08 07:31:38] ALERT in /var/log/syslog: 2025-11-07T18:46:25.933584+00:00 sumi-pc (udev-worker)[123]: sdc: Process '/usr/bin/unshare -m /usr/bin/snap auto-import --mount=/dev/sdc' failed with exit code 1.
[2025-11-08 07:31:38] ALERT in /var/log/syslog: 2025-11-07T18:46:25.933587+00:00 sumi-pc (udev-worker)[120]: sdd: Process '/usr/bin/unshare -m /usr/bin/snap auto-import --mount=/dev/sdd' failed with exit code 1.
[2025-11-08 07:31:38] ALERT in /var/log/syslog: 2025-11-07T18:46:25.933768+00:00 sumi-pc (udev-worker)[116]: sdb: Process '/usr/bin/unshare -m /usr/bin/snap auto-import --mount=/dev/sdb' failed with exit code 1.
[2025-11-08 07:31:38] ALERT in /var/log/syslog: 2025-11-07T18:46:25.933823+00:00 sumi-pc systemd[1]: apport-autoreport.path - Process error reports when automatic reporting is enabled (file watch) was skipped because of an unmet condition check (ConditionPathExists=/var/lib/apport/autoreport).
[2025-11-08 07:31:38] ALERT in /var/log/syslog: 2025-11-07T18:46:25.933827+00:00 sumi-pc systemd[1]: apport-autoreport.timer - Process error reports when automatic reporting is enabled (timer based) was skipped because of an unmet condition check (ConditionPathExists=/var/lib/apport/autoreport).
[2025-11-08 07:31:44] ALERT in /var/log/syslog: 2025-11-08T05:14:26.733859+00:00 sumi-pc python3[1470]: ["2025-11-08T05:14:26.733", "WARNING", "ubuntupro.system", "get_kernel_info", 156, "failed to process /proc/version_signature.", {}]
[2025-11-08 07:31:44] ALERT in /var/log/syslog: 2025-11-08T05:14:26.735499+00:00 sumi-pc python3[1470]: ["2025-11-08T05:14:26.735", "WARNING", "ubuntupro.system", "get_kernel_info", 165, "Failed to parse kernel: 6.6.87.2-microsoft-standard-WSL2", {}]
[2025-11-08 07:31:45] ALERT in /var/log/syslog: 2025-11-08T05:15:33.073967+00:00 sumi-pc wsl-pro-service[7763]: #033[33mWARNING#033[0m Could not ensure valid Landscape configuration: could not ensure valid Landscape configuration: could not register distro to Landscape: could not enable Landscape: /usr/bin/landscape-config: error: exit status 2.
[2025-11-08 07:31:45] ALERT in /var/log/syslog: 2025-11-08T05:15:33.074218+00:00 sumi-pc wsl-pro-service[7763]: landscape-config: error: no such option: --register-if-needed
[2025-11-08 07:31:45] ALERT in /var/log/syslog: 2025-11-08T05:15:35.941891+00:00 sumi-pc systemd[1]: apport-autoreport.path - Process error reports when automatic reporting is enabled (file watch) was skipped because of an unmet condition check (ConditionPathExists=/var/lib/apport/autoreport).
[2025-11-08 07:31:45] ALERT in /var/log/syslog: 2025-11-08T05:15:35.942487+00:00 sumi-pc systemd[1]: apport-autoreport.timer - Process error reports when automatic reporting is enabled (timer based) was skipped because of an unmet condition check (ConditionPathExists=/var/lib/apport/autoreport).
[2025-11-08 07:31:45] ALERT in /var/log/syslog: 2025-11-08T05:26:51.270112+00:00 sumi-pc wsl-pro-service[7763]: #033[33mWARNING#033[0m Exiting after could not ensure valid Landscape configuration: could not register distro to Landscape: could not enable Landscape: /usr/bin/landscape-config: error: exit status 2.
[2025-11-08 07:31:45] ALERT in /var/log/syslog: 2025-11-08T05:26:51.270192+00:00 sumi-pc wsl-pro-service[7763]: landscape-config: error: no such option: --register-if-needed
