[2025-11-08 07:32:19] === System Update Started ===
[2025-11-08 07:32:19] Updating package lists...
Hit:1 http://security.ubuntu.com/ubuntu noble-security InRelease
Hit:2 http://archive.ubuntu.com/ubuntu noble InRelease
Hit:3 http://archive.ubuntu.com/ubuntu noble-updates InRelease
Hit:4 http://archive.ubuntu.com/ubuntu noble-backports InRelease
Reading package lists...
Building dependency tree...
Reading state information...
All packages are up to date.
[2025-11-08 07:32:23] Upgrading packages...
Reading package lists...
Building dependency tree...
Reading state information...
Calculating upgrade...
0 upgraded, 0 newly installed, 0 to remove and 0 not upgraded.
[2025-11-08 07:32:24] Removing unused dependencies...
Reading package lists...
Building dependency tree...
Reading state information...
0 upgraded, 0 newly installed, 0 to remove and 0 not upgraded.
[2025-11-08 07:32:25] Cleaning apt cache...
[2025-11-08 07:32:25] Clearing thumbnail cache...
[2025-11-08 07:32:25] Cleaning system logs older than 7 days...
[2025-11-08 07:32:25] === System Update Finished ===
