[2025-11-08 07:30:13] === System Update Started ===
[2025-11-08 07:30:13] Updating package lists...
Hit:1 http://security.ubuntu.com/ubuntu noble-security InRelease
Hit:2 http://archive.ubuntu.com/ubuntu noble InRelease
Get:3 http://archive.ubuntu.com/ubuntu noble-updates InRelease [126 kB]
Hit:4 http://archive.ubuntu.com/ubuntu noble-backports InRelease
Fetched 126 kB in 2s (58.0 kB/s)
Reading package lists...
Building dependency tree...
Reading state information...
All packages are up to date.
[2025-11-08 07:30:25] Upgrading packages...
Reading package lists...
Building dependency tree...
Reading state information...
Calculating upgrade...
0 upgraded, 0 newly installed, 0 to remove and 0 not upgraded.
[2025-11-08 07:30:25] Removing unused dependencies...
Reading package lists...
Building dependency tree...
Reading state information...
0 upgraded, 0 newly installed, 0 to remove and 0 not upgraded.
[2025-11-08 07:30:26] Cleaning apt cache...
[2025-11-08 07:30:26] Clearing thumbnail cache...
[2025-11-08 07:30:26] Cleaning system logs older than 7 days...
[2025-11-08 07:30:26] === System Update Finished ===
